\BOOKMARK [1][-]{section.1}{\376\377\000I\000n\000t\000r\000o\000d\000u\000z\000i\000o\000n\000e\000\040\000a\000l\000l\000a\000\040\000S\000t\000a\000t\000i\000s\000t\000i\000c\000a}{}% 1
\BOOKMARK [2][-]{subsection.1.1}{\376\377\000D\000e\000f\000i\000n\000i\000z\000i\000o\000n\000e\000\040\000d\000i\000\040\000S\000t\000a\000t\000i\000s\000t\000i\000c\000a}{section.1}% 2
\BOOKMARK [2][-]{subsection.1.2}{\376\377\000I\000m\000p\000o\000r\000t\000a\000n\000z\000a\000\040\000d\000e\000l\000l\000a\000\040\000S\000t\000a\000t\000i\000s\000t\000i\000c\000a}{section.1}% 3
\BOOKMARK [2][-]{subsection.1.3}{\376\377\000T\000i\000p\000i\000\040\000d\000i\000\040\000D\000a\000t\000i}{section.1}% 4
\BOOKMARK [1][-]{section.2}{\376\377\000S\000t\000a\000t\000i\000s\000t\000i\000c\000a\000\040\000D\000e\000s\000c\000r\000i\000t\000t\000i\000v\000a}{}% 5
\BOOKMARK [2][-]{subsection.2.1}{\376\377\000M\000i\000s\000u\000r\000e\000\040\000d\000i\000\040\000T\000e\000n\000d\000e\000n\000z\000a\000\040\000C\000e\000n\000t\000r\000a\000l\000e}{section.2}% 6
\BOOKMARK [2][-]{subsection.2.2}{\376\377\000M\000i\000s\000u\000r\000e\000\040\000d\000i\000\040\000D\000i\000s\000p\000e\000r\000s\000i\000o\000n\000e}{section.2}% 7
\BOOKMARK [2][-]{subsection.2.3}{\376\377\000D\000i\000s\000t\000r\000i\000b\000u\000z\000i\000o\000n\000i\000\040\000d\000i\000\040\000F\000r\000e\000q\000u\000e\000n\000z\000a}{section.2}% 8
\BOOKMARK [1][-]{section.3}{\376\377\000P\000r\000o\000b\000a\000b\000i\000l\000i\000t\000\340}{}% 9
\BOOKMARK [2][-]{subsection.3.1}{\376\377\000C\000o\000n\000c\000e\000t\000t\000i\000\040\000d\000i\000\040\000B\000a\000s\000e}{section.3}% 10
\BOOKMARK [2][-]{subsection.3.2}{\376\377\000R\000e\000g\000o\000l\000e\000\040\000d\000i\000\040\000A\000d\000d\000i\000z\000i\000o\000n\000e\000\040\000e\000\040\000M\000o\000l\000t\000i\000p\000l\000i\000c\000a\000z\000i\000o\000n\000e}{section.3}% 11
\BOOKMARK [2][-]{subsection.3.3}{\376\377\000D\000i\000s\000t\000r\000i\000b\000u\000z\000i\000o\000n\000i\000\040\000d\000i\000\040\000P\000r\000o\000b\000a\000b\000i\000l\000i\000t\000\340}{section.3}% 12
\BOOKMARK [1][-]{section.4}{\376\377\000I\000n\000f\000e\000r\000e\000n\000z\000a\000\040\000S\000t\000a\000t\000i\000s\000t\000i\000c\000a}{}% 13
\BOOKMARK [2][-]{subsection.4.1}{\376\377\000C\000a\000m\000p\000i\000o\000n\000a\000m\000e\000n\000t\000o}{section.4}% 14
\BOOKMARK [2][-]{subsection.4.2}{\376\377\000S\000t\000i\000m\000a\000\040\000P\000u\000n\000t\000u\000a\000l\000e\000\040\000e\000\040\000I\000n\000t\000e\000r\000v\000a\000l\000l\000a\000r\000e}{section.4}% 15
\BOOKMARK [2][-]{subsection.4.3}{\376\377\000T\000e\000s\000t\000\040\000d\000i\000\040\000I\000p\000o\000t\000e\000s\000i}{section.4}% 16
\BOOKMARK [1][-]{section.5}{\376\377\000A\000n\000a\000l\000i\000s\000i\000\040\000d\000e\000i\000\040\000D\000a\000t\000i}{}% 17
\BOOKMARK [2][-]{subsection.5.1}{\376\377\000M\000e\000t\000o\000d\000i\000\040\000d\000i\000\040\000R\000a\000c\000c\000o\000l\000t\000a\000\040\000D\000a\000t\000i}{section.5}% 18
\BOOKMARK [2][-]{subsection.5.2}{\376\377\000P\000u\000l\000i\000z\000i\000a\000\040\000e\000\040\000P\000r\000e\000p\000a\000r\000a\000z\000i\000o\000n\000e\000\040\000d\000e\000i\000\040\000D\000a\000t\000i}{section.5}% 19
\BOOKMARK [2][-]{subsection.5.3}{\376\377\000T\000e\000c\000n\000i\000c\000h\000e\000\040\000d\000i\000\040\000V\000i\000s\000u\000a\000l\000i\000z\000z\000a\000z\000i\000o\000n\000e}{section.5}% 20
\BOOKMARK [1][-]{section.6}{\376\377\000R\000e\000g\000r\000e\000s\000s\000i\000o\000n\000e\000\040\000e\000\040\000C\000o\000r\000r\000e\000l\000a\000z\000i\000o\000n\000e}{}% 21
\BOOKMARK [2][-]{subsection.6.1}{\376\377\000R\000e\000g\000r\000e\000s\000s\000i\000o\000n\000e\000\040\000L\000i\000n\000e\000a\000r\000e}{section.6}% 22
\BOOKMARK [2][-]{subsection.6.2}{\376\377\000C\000o\000e\000f\000f\000i\000c\000i\000e\000n\000t\000e\000\040\000d\000i\000\040\000C\000o\000r\000r\000e\000l\000a\000z\000i\000o\000n\000e}{section.6}% 23
\BOOKMARK [2][-]{subsection.6.3}{\376\377\000A\000n\000a\000l\000i\000s\000i\000\040\000d\000e\000i\000\040\000R\000e\000s\000i\000d\000u\000i}{section.6}% 24
\BOOKMARK [1][-]{section.7}{\376\377\000A\000n\000a\000l\000i\000s\000i\000\040\000M\000u\000l\000t\000i\000v\000a\000r\000i\000a\000t\000a}{}% 25
\BOOKMARK [2][-]{subsection.7.1}{\376\377\000I\000n\000t\000r\000o\000d\000u\000z\000i\000o\000n\000e}{section.7}% 26
\BOOKMARK [2][-]{subsection.7.2}{\376\377\000A\000n\000a\000l\000i\000s\000i\000\040\000d\000e\000l\000l\000e\000\040\000C\000o\000m\000p\000o\000n\000e\000n\000t\000i\000\040\000P\000r\000i\000n\000c\000i\000p\000a\000l\000i}{section.7}% 27
\BOOKMARK [2][-]{subsection.7.3}{\376\377\000C\000l\000u\000s\000t\000e\000r\000i\000n\000g}{section.7}% 28
\BOOKMARK [1][-]{section.8}{\376\377\000S\000o\000f\000t\000w\000a\000r\000e\000\040\000S\000t\000a\000t\000i\000s\000t\000i\000c\000i}{}% 29
\BOOKMARK [2][-]{subsection.8.1}{\376\377\000I\000n\000t\000r\000o\000d\000u\000z\000i\000o\000n\000e\000\040\000a\000\040\000R\000,\000\040\000P\000y\000t\000h\000o\000n\000,\000\040\000S\000P\000S\000S}{section.8}% 30
\BOOKMARK [2][-]{subsection.8.2}{\376\377\000E\000s\000e\000m\000p\000i\000\040\000P\000r\000a\000t\000i\000c\000i}{section.8}% 31
\BOOKMARK [1][-]{section.9}{\376\377\000P\000r\000o\000g\000e\000t\000t\000i\000\040\000e\000\040\000A\000p\000p\000l\000i\000c\000a\000z\000i\000o\000n\000i\000\040\000P\000r\000a\000t\000i\000c\000h\000e}{}% 32
\BOOKMARK [2][-]{subsection.9.1}{\376\377\000E\000s\000e\000m\000p\000i\000\040\000d\000i\000\040\000P\000r\000o\000g\000e\000t\000t\000i}{section.9}% 33
\BOOKMARK [2][-]{subsection.9.2}{\376\377\000A\000p\000p\000l\000i\000c\000a\000z\000i\000o\000n\000i\000\040\000d\000e\000l\000l\000a\000\040\000S\000t\000a\000t\000i\000s\000t\000i\000c\000a}{section.9}% 34
\BOOKMARK [1][-]{section.10}{\376\377\000R\000i\000f\000e\000r\000i\000m\000e\000n\000t\000i\000\040\000e\000\040\000L\000e\000t\000t\000u\000r\000e\000\040\000C\000o\000n\000s\000i\000g\000l\000i\000a\000t\000e}{}% 35
